<?xml version="1.0" encoding="UTF-8"?>
<testsuite xmlns:xsi="http://www.w3.org/2001/XMLSchema-instance" xsi:noNamespaceSchemaLocation="https://maven.apache.org/surefire/maven-surefire-plugin/xsd/surefire-test-report-3.0.xsd" version="3.0" name="com.guoguo.blog.backend.AuthControllerTest" time="4.979" tests="2" errors="0" skipped="0" failures="0">
  <properties>
[...]
</properties>
  <testcase name="login_success" classname="com.guoguo.blog.backend.AuthControllerTest" time="0.92">
    <system-out><![CDATA[08:22:18.230 [main] INFO org.springframework.test.context.support.AnnotationConfigContextLoaderUtils -- Could not detect default configuration classes for test class [com.guoguo.blog.backend.AuthControllerTest]: AuthControllerTest does not declare any static, non-private, non-final, nested classes annotated with @Configuration.
08:22:18.276 [main] INFO org.springframework.boot.test.context.SpringBootTestContextBootstrapper -- Found @SpringBootConfiguration com.guoguo.blog.backend.GuoguoBlogBackendApplication for test class com.guoguo.blog.backend.AuthControllerTest

  .   ____          _            __ _ _
 /\\ / ___'_ __ _ _(_)_ __  __ _ \ \ \ \
( ( )\___ | '_ | '_| | '_ \/ _` | \ \ \ \
 \\/  ___)| |_)| | | | | || (_| |  ) ) ) )
  '  |____| .__|_| |_|_| |_\__, | / / / /
 =========|_|==============|___/=/_/_/_/
&amp#27;[32m :: Spring Boot :: &amp#27;[39m              &amp#27;[2m (v3.2.2)&amp#27;[0;39m

&amp#27;[2m2026-02-07T08:22:18.432+08:00&amp#27;[0;39m &amp#27;[32m INFO&amp#27;[0;39m &amp#27;[35m95567&amp#27;[0;39m &amp#27;[2m---&amp#27;[0;39m &amp#27;[2m[guoguo-blog-backend] [           main]&amp#27;[0;39m &amp#27;[2m&amp#27;[0;39m&amp#27;[36mc.g.blog.backend.AuthControllerTest     &amp#27;[0;39m &amp#27;[2m:&amp#27;[0;39m Starting AuthControllerTest using Java 23.0.2 with PID 95567 (started by guoguo in /Users/guoguo/code/my-project/guoguo-blog/backend)
&amp#27;[2m2026-02-07T08:22:18.433+08:00&amp#27;[0;39m &amp#27;[32m INFO&amp#27;[0;39m &amp#27;[35m95567&amp#27;[0;39m &amp#27;[2m---&amp#27;[0;39m &amp#27;[2m[guoguo-blog-backend] [           main]&amp#27;[0;39m &amp#27;[2m&amp#27;[0;39m&amp#27;[36mc.g.blog.backend.AuthControllerTest     &amp#27;[0;39m &amp#27;[2m:&amp#27;[0;39m No active profile set, falling back to 1 default profile: "default"
&amp#27;[2m2026-02-07T08:22:18.901+08:00&amp#27;[0;39m &amp#27;[32m INFO&amp#27;[0;39m &amp#27;[35m95567&amp#27;[0;39m &amp#27;[2m---&amp#27;[0;39m &amp#27;[2m[guoguo-blog-backend] [           main]&amp#27;[0;39m &amp#27;[2m&amp#27;[0;39m&amp#27;[36m.s.d.r.c.RepositoryConfigurationDelegate&amp#27;[0;39m &amp#27;[2m:&amp#27;[0;39m Bootstrapping Spring Data JPA repositories in DEFAULT mode.
&amp#27;[2m2026-02-07T08:22:18.930+08:00&amp#27;[0;39m &amp#27;[32m INFO&amp#27;[0;39m &amp#27;[35m95567&amp#27;[0;39m &amp#27;[2m---&amp#27;[0;39m &amp#27;[2m[guoguo-blog-backend] [           main]&amp#27;[0;39m &amp#27;[2m&amp#27;[0;39m&amp#27;[36m.s.d.r.c.RepositoryConfigurationDelegate&amp#27;[0;39m &amp#27;[2m:&amp#27;[0;39m Finished Spring Data repository scanning in 24 ms. Found 2 JPA repository interfaces.
&amp#27;[2m2026-02-07T08:22:19.221+08:00&amp#27;[0;39m &amp#27;[32m INFO&amp#27;[0;39m &amp#27;[35m95567&amp#27;[0;39m &amp#27;[2m---&amp#27;[0;39m &amp#27;[2m[guoguo-blog-backend] [           main]&amp#27;[0;39m &amp#27;[2m&amp#27;[0;39m&amp#27;[36mo.hibernate.jpa.internal.util.LogHelper &amp#27;[0;39m &amp#27;[2m:&amp#27;[0;39m HHH000204: Processing PersistenceUnitInfo [name: default]
&amp#27;[2m2026-02-07T08:22:19.263+08:00&amp#27;[0;39m &amp#27;[32m INFO&amp#27;[0;39m &amp#27;[35m95567&amp#27;[0;39m &amp#27;[2m---&amp#27;[0;39m &amp#27;[2m[guoguo-blog-backend] [           main]&amp#27;[0;39m &amp#27;[2m&amp#27;[0;39m&amp#27;[36morg.hibernate.Version                   &amp#27;[0;39m &amp#27;[2m:&amp#27;[0;39m HHH000412: Hibernate ORM core version 6.4.1.Final
&amp#27;[2m2026-02-07T08:22:19.282+08:00&amp#27;[0;39m &amp#27;[32m INFO&amp#27;[0;39m &amp#27;[35m95567&amp#27;[0;39m &amp#27;[2m---&amp#27;[0;39m &amp#27;[2m[guoguo-blog-backend] [           main]&amp#27;[0;39m &amp#27;[2m&amp#27;[0;39m&amp#27;[36mo.h.c.internal.RegionFactoryInitiator   &amp#27;[0;39m &amp#27;[2m:&amp#27;[0;39m HHH000026: Second-level cache disabled
&amp#27;[2m2026-02-07T08:22:19.407+08:00&amp#27;[0;39m &amp#27;[32m INFO&amp#27;[0;39m &amp#27;[35m95567&amp#27;[0;39m &amp#27;[2m---&amp#27;[0;39m &amp#27;[2m[guoguo-blog-backend] [           main]&amp#27;[0;39m &amp#27;[2m&amp#27;[0;39m&amp#27;[36mo.s.o.j.p.SpringPersistenceUnitInfo     &amp#27;[0;39m &amp#27;[2m:&amp#27;[0;39m No LoadTimeWeaver setup: ignoring JPA class transformer
&amp#27;[2m2026-02-07T08:22:19.423+08:00&amp#27;[0;39m &amp#27;[32m INFO&amp#27;[0;39m &amp#27;[35m95567&amp#27;[0;39m &amp#27;[2m---&amp#27;[0;39m &amp#27;[2m[guoguo-blog-backend] [           main]&amp#27;[0;39m &amp#27;[2m&amp#27;[0;39m&amp#27;[36mcom.zaxxer.hikari.HikariDataSource      &amp#27;[0;39m &amp#27;[2m:&amp#27;[0;39m HikariPool-1 - Starting...
&amp#27;[2m2026-02-07T08:22:19.511+08:00&amp#27;[0;39m &amp#27;[32m INFO&amp#27;[0;39m &amp#27;[35m95567&amp#27;[0;39m &amp#27;[2m---&amp#27;[0;39m &amp#27;[2m[guoguo-blog-backend] [           main]&amp#27;[0;39m &amp#27;[2m&amp#27;[0;39m&amp#27;[36mcom.zaxxer.hikari.pool.HikariPool       &amp#27;[0;39m &amp#27;[2m:&amp#27;[0;39m HikariPool-1 - Added connection conn0: url=jdbc:h2:mem:guoguo_blog user=SA
&amp#27;[2m2026-02-07T08:22:19.512+08:00&amp#27;[0;39m &amp#27;[32m INFO&amp#27;[0;39m &amp#27;[35m95567&amp#27;[0;39m &amp#27;[2m---&amp#27;[0;39m &amp#27;[2m[guoguo-blog-backend] [           main]&amp#27;[0;39m &amp#27;[2m&amp#27;[0;39m&amp#27;[36mcom.zaxxer.hikari.HikariDataSource      &amp#27;[0;39m &amp#27;[2m:&amp#27;[0;39m HikariPool-1 - Start completed.
&amp#27;[2m2026-02-07T08:22:20.446+08:00&amp#27;[0;39m &amp#27;[32m INFO&amp#27;[0;39m &amp#27;[35m95567&amp#27;[0;39m &amp#27;[2m---&amp#27;[0;39m &amp#27;[2m[guoguo-blog-backend] [           main]&amp#27;[0;39m &amp#27;[2m&amp#27;[0;39m&amp#27;[36mo.h.e.t.j.p.i.JtaPlatformInitiator      &amp#27;[0;39m &amp#27;[2m:&amp#27;[0;39m HHH000489: No JTA platform available (set 'hibernate.transaction.jta.platform' to enable JTA platform integration)
&amp#27;[2m2026-02-07T08:22:20.519+08:00&amp#27;[0;39m &amp#27;[32m INFO&amp#27;[0;39m &amp#27;[35m95567&amp#27;[0;39m &amp#27;[2m---&amp#27;[0;39m &amp#27;[2m[guoguo-blog-backend] [           main]&amp#27;[0;39m &amp#27;[2m&amp#27;[0;39m&amp#27;[36mj.LocalContainerEntityManagerFactoryBean&amp#27;[0;39m &amp#27;[2m:&amp#27;[0;39m Initialized JPA EntityManagerFactory for persistence unit 'default'
&amp#27;[2m2026-02-07T08:22:20.854+08:00&amp#27;[0;39m &amp#27;[32m INFO&amp#27;[0;39m &amp#27;[35m95567&amp#27;[0;39m &amp#27;[2m---&amp#27;[0;39m &amp#27;[2m[guoguo-blog-backend] [           main]&amp#27;[0;39m &amp#27;[2m&amp#27;[0;39m&amp#27;[36mo.s.d.j.r.query.QueryEnhancerFactory    &amp#27;[0;39m &amp#27;[2m:&amp#27;[0;39m Hibernate is in classpath; If applicable, HQL parser will be used.
&amp#27;[2m2026-02-07T08:22:21.659+08:00&amp#27;[0;39m &amp#27;[32m INFO&amp#27;[0;39m &amp#27;[35m95567&amp#27;[0;39m &amp#27;[2m---&amp#27;[0;39m &amp#27;[2m[guoguo-blog-backend] [           main]&amp#27;[0;39m &amp#27;[2m&amp#27;[0;39m&amp#27;[36mo.s.s.web.DefaultSecurityFilterChain    &amp#27;[0;39m &amp#27;[2m:&amp#27;[0;39m Will secure any request with [org.springframework.security.web.session.DisableEncodeUrlFilter@2f7af3d0, org.springframework.security.web.context.request.async.WebAsyncManagerIntegrationFilter@494775f1, org.springframework.security.web.context.SecurityContextHolderFilter@2057d8ec, org.springframework.security.web.header.HeaderWriterFilter@432e242d, org.springframework.web.filter.CorsFilter@6bcf2780, org.springframework.security.web.authentication.logout.LogoutFilter@1abacff3, com.guoguo.blog.backend.security.JwtAuthenticationFilter@50479c2b, org.springframework.security.web.savedrequest.RequestCacheAwareFilter@d56d9f6, org.springframework.security.web.servletapi.SecurityContextHolderAwareRequestFilter@358f85b1, org.springframework.security.web.authentication.AnonymousAuthenticationFilter@5ac3d009, org.springframework.security.web.session.SessionManagementFilter@197d6cc9, org.springframework.security.web.access.ExceptionTranslationFilter@76aab1e3, org.springframework.security.web.access.intercept.AuthorizationFilter@508863eb]
&amp#27;[2m2026-02-07T08:22:21.881+08:00&amp#27;[0;39m &amp#27;[32m INFO&amp#27;[0;39m &amp#27;[35m95567&amp#27;[0;39m &amp#27;[2m---&amp#27;[0;39m &amp#27;[2m[guoguo-blog-backend] [           main]&amp#27;[0;39m &amp#27;[2m&amp#27;[0;39m&amp#27;[36mo.s.b.a.h2.H2ConsoleAutoConfiguration   &amp#27;[0;39m &amp#27;[2m:&amp#27;[0;39m H2 console available at '/h2-console'. Database available at 'jdbc:h2:mem:guoguo_blog'
&amp#27;[2m2026-02-07T08:22:21.933+08:00&amp#27;[0;39m &amp#27;[32m INFO&amp#27;[0;39m &amp#27;[35m95567&amp#27;[0;39m &amp#27;[2m---&amp#27;[0;39m &amp#27;[2m[guoguo-blog-backend] [           main]&amp#27;[0;39m &amp#27;[2m&amp#27;[0;39m&amp#27;[36mo.s.b.t.m.w.SpringBootMockServletContext&amp#27;[0;39m &amp#27;[2m:&amp#27;[0;39m Initializing Spring TestDispatcherServlet ''
&amp#27;[2m2026-02-07T08:22:21.933+08:00&amp#27;[0;39m &amp#27;[32m INFO&amp#27;[0;39m &amp#27;[35m95567&amp#27;[0;39m &amp#27;[2m---&amp#27;[0;39m &amp#27;[2m[guoguo-blog-backend] [           main]&amp#27;[0;39m &amp#27;[2m&amp#27;[0;39m&amp#27;[36mo.s.t.web.servlet.TestDispatcherServlet &amp#27;[0;39m &amp#27;[2m:&amp#27;[0;39m Initializing Servlet ''
&amp#27;[2m2026-02-07T08:22:21.934+08:00&amp#27;[0;39m &amp#27;[32m INFO&amp#27;[0;39m &amp#27;[35m95567&amp#27;[0;39m &amp#27;[2m---&amp#27;[0;39m &amp#27;[2m[guoguo-blog-backend] [           main]&amp#27;[0;39m &amp#27;[2m&amp#27;[0;39m&amp#27;[36mo.s.t.web.servlet.TestDispatcherServlet &amp#27;[0;39m &amp#27;[2m:&amp#27;[0;39m Completed initialization in 1 ms
&amp#27;[2m2026-02-07T08:22:21.954+08:00&amp#27;[0;39m &amp#27;[32m INFO&amp#27;[0;39m &amp#27;[35m95567&amp#27;[0;39m &amp#27;[2m---&amp#27;[0;39m &amp#27;[2m[guoguo-blog-backend] [           main]&amp#27;[0;39m &amp#27;[2m&amp#27;[0;39m&amp#27;[36mc.g.blog.backend.AuthControllerTest     &amp#27;[0;39m &amp#27;[2m:&amp#27;[0;39m Started AuthControllerTest in 3.626 seconds (process running for 4.036)
]]></system-out>
    <system-err><![CDATA[WARNING: A Java agent has been loaded dynamically (/Users/guoguo/.m2/repository/net/bytebuddy/byte-buddy-agent/1.14.11/byte-buddy-agent-1.14.11.jar)
WARNING: If a serviceability tool is in use, please run with -XX:+EnableDynamicAgentLoading to hide this warning
WARNING: If a serviceability tool is not in use, please run with -Djdk.instrument.traceUsage for more information
WARNING: Dynamic loading of agents will be disallowed by default in a future release
]]></system-err>
  </testcase>
  <testcase name="register_success" classname="com.guoguo.blog.backend.AuthControllerTest" time="0.227"/>
</testsuite>